Arguments: 
  /usr/local/Cellar/node/7.10.0/bin/node /usr/local/bin/yarn add vue vue-loader vue-template-compiler

PATH: 
  /Users/bazzaouichaymae/.rvm/gems/ruby-2.3.0/bin:/Users/bazzaouichaymae/.rvm/gems/ruby-2.3.0@global/bin:/Users/bazzaouichaymae/.rvm/rubies/ruby-2.3.0/bin:/usr/local/bin:/usr/bin:/bin:/usr/sbin:/sbin:/opt/X11/bin:/Users/bazzaouichaymae/.rvm/bin

Yarn version: 
  0.24.6

Node version: 
  7.10.0

Platform: 
  darwin x64

npm manifest: 
  No manifest

yarn manifest: 
  No manifest

Lockfile: 
  # THIS IS AN AUTOGENERATED FILE. DO NOT EDIT THIS FILE DIRECTLY.
  # yarn lockfile v1

Trace: 
  Error: https://registry.yarnpkg.com/vue: tunneling socket could not be established, cause=connect EHOSTUNREACH 0.0.12.56:80 - Local (10.23.21.152:61106)
      at ClientRequest.onError (/usr/local/Cellar/yarn/0.24.6/libexec/lib/yarn-cli.js:122296:17)
      at Object.onceWrapper (events.js:293:19)
      at emitOne (events.js:96:13)
      at ClientRequest.emit (events.js:191:7)
      at Socket.socketErrorListener (_http_client.js:358:9)
      at emitOne (events.js:96:13)
      at Socket.emit (events.js:191:7)
      at emitErrorNT (net.js:1279:8)
      at _combinedTickCallback (internal/process/next_tick.js:80:11)
      at process._tickCallback (internal/process/next_tick.js:104:9)
